{"C:\\Users\\Naimish Shah\\Desktop\\FindIt-Lost-and-Found-Application\\frontend\\lib\\supabase.ts": {"path":"C:\\Users\\Naimish Shah\\Desktop\\FindIt-Lost-and-Found-Application\\frontend\\lib\\supabase.ts","statementMap":{"0":{"start":{"line":9,"column":20},"end":{"line":9,"column":57}},"1":{"start":{"line":10,"column":24},"end":{"line":10,"column":66}},"2":{"start":{"line":12,"column":24},"end":{"line":20,"column":2}},"3":{"start":{"line":27,"column":0},"end":{"line":35,"column":1}},"4":{"start":{"line":28,"column":2},"end":{"line":34,"column":4}},"5":{"start":{"line":29,"column":4},"end":{"line":33,"column":5}},"6":{"start":{"line":30,"column":6},"end":{"line":30,"column":38}},"7":{"start":{"line":32,"column":6},"end":{"line":32,"column":37}}},"fnMap":{"0":{"name":"(anonymous_0)","decl":{"start":{"line":28,"column":38},"end":{"line":28,"column":39}},"loc":{"start":{"line":28,"column":49},"end":{"line":34,"column":3}},"line":28}},"branchMap":{"0":{"loc":{"start":{"line":14,"column":8},"end":{"line":14,"column":62}},"type":"cond-expr","locations":[{"start":{"line":14,"column":32},"end":{"line":14,"column":57}},{"start":{"line":14,"column":60},"end":{"line":14,"column":62}}],"line":14},"1":{"loc":{"start":{"line":27,"column":0},"end":{"line":35,"column":1}},"type":"if","locations":[{"start":{"line":27,"column":0},"end":{"line":35,"column":1}},{"start":{},"end":{}}],"line":27},"2":{"loc":{"start":{"line":29,"column":4},"end":{"line":33,"column":5}},"type":"if","locations":[{"start":{"line":29,"column":4},"end":{"line":33,"column":5}},{"start":{"line":31,"column":11},"end":{"line":33,"column":5}}],"line":29}},"s":{"0":0,"1":0,"2":0,"3":0,"4":0,"5":0,"6":0,"7":0},"f":{"0":0},"b":{"0":[0,0],"1":[0,0],"2":[0,0]}}
,"C:\\Users\\Naimish Shah\\Desktop\\FindIt-Lost-and-Found-Application\\frontend\\services\\api.ts": {"path":"C:\\Users\\Naimish Shah\\Desktop\\FindIt-Lost-and-Found-Application\\frontend\\services\\api.ts","statementMap":{"0":{"start":{"line":3,"column":16},"end":{"line":3,"column":47}},"1":{"start":{"line":6,"column":28},"end":{"line":31,"column":1}},"2":{"start":{"line":8,"column":4},"end":{"line":12,"column":5}},"3":{"start":{"line":9,"column":6},"end":{"line":9,"column":55}},"4":{"start":{"line":11,"column":6},"end":{"line":11,"column":50}},"5":{"start":{"line":16,"column":4},"end":{"line":21,"column":5}},"6":{"start":{"line":17,"column":6},"end":{"line":17,"column":55}},"7":{"start":{"line":19,"column":6},"end":{"line":19,"column":51}},"8":{"start":{"line":20,"column":6},"end":{"line":20,"column":18}},"9":{"start":{"line":25,"column":4},"end":{"line":29,"column":5}},"10":{"start":{"line":26,"column":6},"end":{"line":26,"column":51}},"11":{"start":{"line":28,"column":6},"end":{"line":28,"column":52}},"12":{"start":{"line":34,"column":16},"end":{"line":55,"column":1}},"13":{"start":{"line":38,"column":16},"end":{"line":38,"column":45}},"14":{"start":{"line":40,"column":31},"end":{"line":43,"column":3}},"15":{"start":{"line":45,"column":2},"end":{"line":47,"column":3}},"16":{"start":{"line":46,"column":4},"end":{"line":46,"column":49}},"17":{"start":{"line":49,"column":19},"end":{"line":52,"column":4}},"18":{"start":{"line":54,"column":2},"end":{"line":54,"column":18}},"19":{"start":{"line":58,"column":23},"end":{"line":91,"column":1}},"20":{"start":{"line":60,"column":21},"end":{"line":63,"column":6}},"21":{"start":{"line":64,"column":4},"end":{"line":64,"column":27}},"22":{"start":{"line":68,"column":21},"end":{"line":71,"column":6}},"23":{"start":{"line":72,"column":4},"end":{"line":72,"column":27}},"24":{"start":{"line":76,"column":21},"end":{"line":76,"column":56}},"25":{"start":{"line":77,"column":4},"end":{"line":77,"column":27}},"26":{"start":{"line":81,"column":21},"end":{"line":84,"column":6}},"27":{"start":{"line":85,"column":4},"end":{"line":85,"column":27}},"28":{"start":{"line":89,"column":4},"end":{"line":89,"column":37}},"29":{"start":{"line":94,"column":24},"end":{"line":117,"column":1}},"30":{"start":{"line":96,"column":21},"end":{"line":96,"column":48}},"31":{"start":{"line":97,"column":4},"end":{"line":97,"column":27}},"32":{"start":{"line":101,"column":21},"end":{"line":101,"column":54}},"33":{"start":{"line":102,"column":4},"end":{"line":102,"column":27}},"34":{"start":{"line":106,"column":21},"end":{"line":106,"column":86}},"35":{"start":{"line":107,"column":4},"end":{"line":107,"column":27}},"36":{"start":{"line":111,"column":21},"end":{"line":114,"column":6}},"37":{"start":{"line":115,"column":4},"end":{"line":115,"column":27}},"38":{"start":{"line":120,"column":25},"end":{"line":141,"column":1}},"39":{"start":{"line":122,"column":21},"end":{"line":125,"column":6}},"40":{"start":{"line":126,"column":4},"end":{"line":126,"column":27}},"41":{"start":{"line":130,"column":21},"end":{"line":130,"column":64}},"42":{"start":{"line":131,"column":4},"end":{"line":131,"column":27}},"43":{"start":{"line":135,"column":21},"end":{"line":138,"column":6}},"44":{"start":{"line":139,"column":4},"end":{"line":139,"column":27}},"45":{"start":{"line":144,"column":32},"end":{"line":164,"column":1}},"46":{"start":{"line":146,"column":21},"end":{"line":146,"column":56}},"47":{"start":{"line":147,"column":4},"end":{"line":147,"column":27}},"48":{"start":{"line":151,"column":21},"end":{"line":154,"column":6}},"49":{"start":{"line":155,"column":4},"end":{"line":155,"column":27}},"50":{"start":{"line":159,"column":21},"end":{"line":161,"column":6}},"51":{"start":{"line":162,"column":4},"end":{"line":162,"column":27}}},"fnMap":{"0":{"name":"(anonymous_0)","decl":{"start":{"line":7,"column":2},"end":{"line":7,"column":3}},"loc":{"start":{"line":7,"column":32},"end":{"line":13,"column":3}},"line":7},"1":{"name":"(anonymous_1)","decl":{"start":{"line":15,"column":2},"end":{"line":15,"column":3}},"loc":{"start":{"line":15,"column":43},"end":{"line":22,"column":3}},"line":15},"2":{"name":"(anonymous_2)","decl":{"start":{"line":24,"column":2},"end":{"line":24,"column":3}},"loc":{"start":{"line":24,"column":22},"end":{"line":30,"column":3}},"line":24},"3":{"name":"(anonymous_3)","decl":{"start":{"line":34,"column":16},"end":{"line":34,"column":17}},"loc":{"start":{"line":37,"column":24},"end":{"line":55,"column":1}},"line":37},"4":{"name":"(anonymous_4)","decl":{"start":{"line":59,"column":2},"end":{"line":59,"column":3}},"loc":{"start":{"line":59,"column":68},"end":{"line":65,"column":3}},"line":59},"5":{"name":"(anonymous_5)","decl":{"start":{"line":67,"column":2},"end":{"line":67,"column":3}},"loc":{"start":{"line":67,"column":47},"end":{"line":73,"column":3}},"line":67},"6":{"name":"(anonymous_6)","decl":{"start":{"line":75,"column":2},"end":{"line":75,"column":3}},"loc":{"start":{"line":75,"column":21},"end":{"line":78,"column":3}},"line":75},"7":{"name":"(anonymous_7)","decl":{"start":{"line":80,"column":2},"end":{"line":80,"column":3}},"loc":{"start":{"line":80,"column":98},"end":{"line":86,"column":3}},"line":80},"8":{"name":"(anonymous_8)","decl":{"start":{"line":88,"column":2},"end":{"line":88,"column":3}},"loc":{"start":{"line":88,"column":17},"end":{"line":90,"column":3}},"line":88},"9":{"name":"(anonymous_9)","decl":{"start":{"line":95,"column":2},"end":{"line":95,"column":3}},"loc":{"start":{"line":95,"column":17},"end":{"line":98,"column":3}},"line":95},"10":{"name":"(anonymous_10)","decl":{"start":{"line":100,"column":2},"end":{"line":100,"column":3}},"loc":{"start":{"line":100,"column":28},"end":{"line":103,"column":3}},"line":100},"11":{"name":"(anonymous_11)","decl":{"start":{"line":105,"column":2},"end":{"line":105,"column":3}},"loc":{"start":{"line":105,"column":30},"end":{"line":108,"column":3}},"line":105},"12":{"name":"(anonymous_12)","decl":{"start":{"line":110,"column":2},"end":{"line":110,"column":3}},"loc":{"start":{"line":110,"column":77},"end":{"line":116,"column":3}},"line":110},"13":{"name":"(anonymous_13)","decl":{"start":{"line":121,"column":2},"end":{"line":121,"column":3}},"loc":{"start":{"line":121,"column":53},"end":{"line":127,"column":3}},"line":121},"14":{"name":"(anonymous_14)","decl":{"start":{"line":129,"column":2},"end":{"line":129,"column":3}},"loc":{"start":{"line":129,"column":34},"end":{"line":132,"column":3}},"line":129},"15":{"name":"(anonymous_15)","decl":{"start":{"line":134,"column":2},"end":{"line":134,"column":3}},"loc":{"start":{"line":134,"column":83},"end":{"line":140,"column":3}},"line":134},"16":{"name":"(anonymous_16)","decl":{"start":{"line":145,"column":2},"end":{"line":145,"column":3}},"loc":{"start":{"line":145,"column":17},"end":{"line":148,"column":3}},"line":145},"17":{"name":"(anonymous_17)","decl":{"start":{"line":150,"column":2},"end":{"line":150,"column":3}},"loc":{"start":{"line":150,"column":59},"end":{"line":156,"column":3}},"line":150},"18":{"name":"(anonymous_18)","decl":{"start":{"line":158,"column":2},"end":{"line":158,"column":3}},"loc":{"start":{"line":158,"column":36},"end":{"line":163,"column":3}},"line":158}},"branchMap":{"0":{"loc":{"start":{"line":36,"column":2},"end":{"line":36,"column":27}},"type":"default-arg","locations":[{"start":{"line":36,"column":25},"end":{"line":36,"column":27}}],"line":36},"1":{"loc":{"start":{"line":45,"column":2},"end":{"line":47,"column":3}},"type":"if","locations":[{"start":{"line":45,"column":2},"end":{"line":47,"column":3}},{"start":{},"end":{}}],"line":45},"2":{"loc":{"start":{"line":110,"column":54},"end":{"line":110,"column":75}},"type":"default-arg","locations":[{"start":{"line":110,"column":73},"end":{"line":110,"column":75}}],"line":110},"3":{"loc":{"start":{"line":150,"column":32},"end":{"line":150,"column":57}},"type":"default-arg","locations":[{"start":{"line":150,"column":49},"end":{"line":150,"column":57}}],"line":150}},"s":{"0":0,"1":0,"2":0,"3":0,"4":0,"5":0,"6":0,"7":0,"8":0,"9":0,"10":0,"11":0,"12":0,"13":0,"14":0,"15":0,"16":0,"17":0,"18":0,"19":0,"20":0,"21":0,"22":0,"23":0,"24":0,"25":0,"26":0,"27":0,"28":0,"29":0,"30":0,"31":0,"32":0,"33":0,"34":0,"35":0,"36":0,"37":0,"38":0,"39":0,"40":0,"41":0,"42":0,"43":0,"44":0,"45":0,"46":0,"47":0,"48":0,"49":0,"50":0,"51":0},"f":{"0":0,"1":0,"2":0,"3":0,"4":0,"5":0,"6":0,"7":0,"8":0,"9":0,"10":0,"11":0,"12":0,"13":0,"14":0,"15":0,"16":0,"17":0,"18":0},"b":{"0":[0],"1":[0,0],"2":[0],"3":[0]}}
}
